<?xml version="1.0" encoding="UTF-8"?>
<!-- Generated by org.testng.reporters.JUnitXMLReporter -->
<testsuite hostname="Jodha-PC" ignored="0" name="RunEverything" tests="3" failures="0" timestamp="26 May 2018 22:04:42 GMT" time="37.148" errors="0">
  <testcase name="testThatResultsAppearForAOneWayJourney" time="10.236" classname="testcases.FlightBookingTest"/>
  <testcase name="shouldBeAbleToSearchForHotels" time="11.982" classname="testcases.HotelBookingTest"/>
  <testcase name="shouldThrowAnErrorIfSignInDetailsAreMissing" time="5.806" classname="testcases.SignInTest"/>
</testsuite> <!-- RunEverything -->
