<?xml version="1.0" encoding="UTF-8"?>
<!-- Generated by org.testng.reporters.JUnitXMLReporter -->
<testsuite hostname="Jodha-PC" ignored="0" name="RunEverything" tests="3" failures="0" timestamp="26 May 2018 21:58:13 GMT" time="38.853" errors="0">
  <testcase name="testThatResultsAppearForAOneWayJourney" time="9.659" classname="testcases.FlightBookingTest"/>
  <testcase name="shouldBeAbleToSearchForHotels" time="13.149" classname="testcases.HotelBookingTest"/>
  <testcase name="shouldThrowAnErrorIfSignInDetailsAreMissing" time="6.746" classname="testcases.SignInTest"/>
</testsuite> <!-- RunEverything -->
