<?xml version="1.0" encoding="UTF-8"?>
<testng-results skipped="0" failed="0" ignored="0" total="1" passed="1">
  <reporter-output>
  </reporter-output>
  <suite name="CodeTest" duration-ms="20623" started-at="2018-05-26T21:28:20Z" finished-at="2018-05-26T21:28:41Z">
    <groups>
    </groups>
    <test name="RunEverything" duration-ms="20623" started-at="2018-05-26T21:28:20Z" finished-at="2018-05-26T21:28:41Z">
      <class name="testcases.HotelBookingTest">
        <test-method status="PASS" signature="shouldBeAbleToSearchForHotels()[pri:0, instance:testcases.HotelBookingTest@39aeed2f]" name="shouldBeAbleToSearchForHotels" duration-ms="12541" started-at="2018-05-27T02:58:26Z" finished-at="2018-05-27T02:58:38Z">
          <reporter-output>
          </reporter-output>
        </test-method> <!-- shouldBeAbleToSearchForHotels -->
      </class> <!-- testcases.HotelBookingTest -->
      <class name="testcases.FlightBookingTest">
        <test-method status="PASS" signature="setFirstTimeBrowser()[pri:0, instance:testcases.FlightBookingTest@5c7fa833]" name="setFirstTimeBrowser" is-config="true" duration-ms="5426" started-at="2018-05-27T02:58:20Z" finished-at="2018-05-27T02:58:26Z">
          <reporter-output>
          </reporter-output>
        </test-method> <!-- setFirstTimeBrowser -->
        <test-method status="PASS" signature="afterTestMethod()[pri:0, instance:testcases.FlightBookingTest@5c7fa833]" name="afterTestMethod" is-config="true" duration-ms="2624" started-at="2018-05-27T02:58:38Z" finished-at="2018-05-27T02:58:41Z">
          <reporter-output>
          </reporter-output>
        </test-method> <!-- afterTestMethod -->
      </class> <!-- testcases.FlightBookingTest -->
    </test> <!-- RunEverything -->
  </suite> <!-- CodeTest -->
</testng-results>
